_____________【 info 】 start time:[1573016299]_____________
test
array (
  'asdsa' => 'asdasdasdda',
)_____________          【 info 】 stop   _____________
_____________【 info 】 start time:[1573016303]_____________
test
array (
  'anonymous' => NULL,
  'font' => 38152072,
  'group_id' => 941734321,
  'message' => '[CQ:image,file=C63D232CAFDBC284BFF018FA8027D75B.gif,url=https://gchat.qpic.cn/gchatpic_new/529768291/941734321-3020875505-C63D232CAFDBC284BFF018FA8027D75B/0?vuin=1136589922&amp;term=2]',
  'message_id' => 346,
  'message_type' => 'group',
  'post_type' => 'message',
  'raw_message' => '[CQ:image,file=C63D232CAFDBC284BFF018FA8027D75B.gif]',
  'self_id' => 1136589922,
  'sender' => 
  array (
    'age' => 21,
    'area' => '',
    'card' => '你的心动女嘉宾',
    'level' => '活跃',
    'nickname' => '隔夜雪碧。',
    'role' => 'admin',
    'sex' => 'male',
    'title' => '自闭靓仔',
    'user_id' => 529768291,
  ),
  'sub_type' => 'normal',
  'time' => 1573016303,
  'user_id' => 529768291,
)_____________          【 info 】 stop   _____________
_____________【 info 】 start time:[1573016328]_____________
test
array (
  'anonymous' => NULL,
  'font' => 38061848,
  'group_id' => 941734321,
  'message' => '害，我想想',
  'message_id' => 347,
  'message_type' => 'group',
  'post_type' => 'message',
  'raw_message' => '害，我想想',
  'self_id' => 1136589922,
  'sender' => 
  array (
    'age' => 0,
    'area' => '',
    'card' => '李三生',
    'level' => '话唠',
    'nickname' => '‭‭blank',
    'role' => 'admin',
    'sex' => 'unknown',
    'title' => '行天道',
    'user_id' => 1136589038,
  ),
  'sub_type' => 'normal',
  'time' => 1573016327,
  'user_id' => 1136589038,
)_____________          【 info 】 stop   _____________
_____________【 info 】 start time:[1573016337]_____________
test
array (
  'anonymous' => NULL,
  'font' => 38153640,
  'group_id' => 941734321,
  'message' => '[CQ:at,qq=1136589922] 你是傻逼',
  'message_id' => 348,
  'message_type' => 'group',
  'post_type' => 'message',
  'raw_message' => '[CQ:at,qq=1136589922] 你是傻逼',
  'self_id' => 1136589922,
  'sender' => 
  array (
    'age' => 0,
    'area' => '',
    'card' => '李三生',
    'level' => '话唠',
    'nickname' => '‭‭blank',
    'role' => 'admin',
    'sex' => 'unknown',
    'title' => '行天道',
    'user_id' => 1136589038,
  ),
  'sub_type' => 'normal',
  'time' => 1573016336,
  'user_id' => 1136589038,
)_____________          【 info 】 stop   _____________
_____________【 info 】 start time:[1573016339]_____________
test
array (
  'anonymous' => NULL,
  'font' => 38358376,
  'group_id' => 941734321,
  'message' => '[CQ:image,file=C63D232CAFDBC284BFF018FA8027D75B.gif,url=https://gchat.qpic.cn/gchatpic_new/529768291/941734321-3020875505-C63D232CAFDBC284BFF018FA8027D75B/0?vuin=1136589922&amp;term=2]',
  'message_id' => 350,
  'message_type' => 'group',
  'post_type' => 'message',
  'raw_message' => '[CQ:image,file=C63D232CAFDBC284BFF018FA8027D75B.gif]',
  'self_id' => 1136589922,
  'sender' => 
  array (
    'age' => 0,
    'area' => '',
    'card' => '看到我请让我背单词',
    'level' => '吐槽',
    'nickname' => '高級資深幹員',
    'role' => 'member',
    'sex' => 'unknown',
    'title' => '自闭挨打鲸鱼',
    'user_id' => 806911651,
  ),
  'sub_type' => 'normal',
  'time' => 1573016338,
  'user_id' => 806911651,
)_____________          【 info 】 stop   _____________
_____________【 info 】 start time:[1573016349]_____________
test
array (
  'anonymous' => NULL,
  'font' => 38358408,
  'group_id' => 941734321,
  'message' => '[CQ:at,qq=1136589922] 我爱你',
  'message_id' => 351,
  'message_type' => 'group',
  'post_type' => 'message',
  'raw_message' => '[CQ:at,qq=1136589922] 我爱你',
  'self_id' => 1136589922,
  'sender' => 
  array (
    'age' => 21,
    'area' => '',
    'card' => '你的心动女嘉宾',
    'level' => '活跃',
    'nickname' => '隔夜雪碧。',
    'role' => 'admin',
    'sex' => 'male',
    'title' => '自闭靓仔',
    'user_id' => 529768291,
  ),
  'sub_type' => 'normal',
  'time' => 1573016348,
  'user_id' => 529768291,
)_____________          【 info 】 stop   _____________
_____________【 info 】 start time:[1573016358]_____________
test
array (
  'anonymous' => NULL,
  'font' => 38062584,
  'group_id' => 941734321,
  'message' => '等会啊',
  'message_id' => 353,
  'message_type' => 'group',
  'post_type' => 'message',
  'raw_message' => '等会啊',
  'self_id' => 1136589922,
  'sender' => 
  array (
    'age' => 21,
    'area' => '',
    'card' => '你的心动女嘉宾',
    'level' => '活跃',
    'nickname' => '隔夜雪碧。',
    'role' => 'admin',
    'sex' => 'male',
    'title' => '自闭靓仔',
    'user_id' => 529768291,
  ),
  'sub_type' => 'normal',
  'time' => 1573016357,
  'user_id' => 529768291,
)_____________          【 info 】 stop   _____________
_____________【 info 】 start time:[1573016365]_____________
test
array (
  'anonymous' => NULL,
  'font' => 38657976,
  'group_id' => 941734321,
  'message' => '这个成男是不是有点娘',
  'message_id' => 354,
  'message_type' => 'group',
  'post_type' => 'message',
  'raw_message' => '这个成男是不是有点娘',
  'self_id' => 1136589922,
  'sender' => 
  array (
    'age' => 21,
    'area' => '',
    'card' => '你的心动女嘉宾',
    'level' => '活跃',
    'nickname' => '隔夜雪碧。',
    'role' => 'admin',
    'sex' => 'male',
    'title' => '自闭靓仔',
    'user_id' => 529768291,
  ),
  'sub_type' => 'normal',
  'time' => 1573016365,
  'user_id' => 529768291,
)_____________          【 info 】 stop   _____________
_____________【 info 】 start time:[1573016370]_____________
test
array (
  'anonymous' => NULL,
  'font' => 38153320,
  'group_id' => 941734321,
  'message' => '等啥，我还没开始写',
  'message_id' => 355,
  'message_type' => 'group',
  'post_type' => 'message',
  'raw_message' => '等啥，我还没开始写',
  'self_id' => 1136589922,
  'sender' => 
  array (
    'age' => 0,
    'area' => '',
    'card' => '李三生',
    'level' => '话唠',
    'nickname' => '‭‭blank',
    'role' => 'admin',
    'sex' => 'unknown',
    'title' => '行天道',
    'user_id' => 1136589038,
  ),
  'sub_type' => 'normal',
  'time' => 1573016369,
  'user_id' => 1136589038,
)_____________          【 info 】 stop   _____________
_____________【 info 】 start time:[1573016383]_____________
test
array (
  'anonymous' => NULL,
  'font' => 38061848,
  'group_id' => 941734321,
  'message' => '[CQ:at,qq=1136589922] 你是猪',
  'message_id' => 356,
  'message_type' => 'group',
  'post_type' => 'message',
  'raw_message' => '[CQ:at,qq=1136589922] 你是猪',
  'self_id' => 1136589922,
  'sender' => 
  array (
    'age' => 0,
    'area' => '',
    'card' => '看到我请让我背单词',
    'level' => '吐槽',
    'nickname' => '高級資深幹員',
    'role' => 'member',
    'sex' => 'unknown',
    'title' => '自闭挨打鲸鱼',
    'user_id' => 806911651,
  ),
  'sub_type' => 'normal',
  'time' => 1573016382,
  'user_id' => 806911651,
)_____________          【 info 】 stop   _____________
_____________【 info 】 start time:[1573016388]_____________
test
array (
  'anonymous' => NULL,
  'font' => 38359240,
  'group_id' => 941734321,
  'message' => '害',
  'message_id' => 358,
  'message_type' => 'group',
  'post_type' => 'message',
  'raw_message' => '害',
  'self_id' => 1136589922,
  'sender' => 
  array (
    'age' => 0,
    'area' => '',
    'card' => '看到我请让我背单词',
    'level' => '吐槽',
    'nickname' => '高級資深幹員',
    'role' => 'member',
    'sex' => 'unknown',
    'title' => '自闭挨打鲸鱼',
    'user_id' => 806911651,
  ),
  'sub_type' => 'normal',
  'time' => 1573016388,
  'user_id' => 806911651,
)_____________          【 info 】 stop   _____________
_____________【 info 】 start time:[1573016394]_____________
test
array (
  'anonymous' => NULL,
  'font' => 38657976,
  'group_id' => 941734321,
  'message' => '[CQ:at,qq=1136589922] 背单词',
  'message_id' => 359,
  'message_type' => 'group',
  'post_type' => 'message',
  'raw_message' => '[CQ:at,qq=1136589922] 背单词',
  'self_id' => 1136589922,
  'sender' => 
  array (
    'age' => 21,
    'area' => '',
    'card' => '你的心动女嘉宾',
    'level' => '活跃',
    'nickname' => '隔夜雪碧。',
    'role' => 'admin',
    'sex' => 'male',
    'title' => '自闭靓仔',
    'user_id' => 529768291,
  ),
  'sub_type' => 'normal',
  'time' => 1573016393,
  'user_id' => 529768291,
)_____________          【 info 】 stop   _____________
_____________【 info 】 start time:[1573016395]_____________
test
array (
  'anonymous' => NULL,
  'font' => 38359048,
  'group_id' => 941734321,
  'message' => '跟qq小冰一样',
  'message_id' => 361,
  'message_type' => 'group',
  'post_type' => 'message',
  'raw_message' => '跟qq小冰一样',
  'self_id' => 1136589922,
  'sender' => 
  array (
    'age' => 0,
    'area' => '',
    'card' => '看到我请让我背单词',
    'level' => '吐槽',
    'nickname' => '高級資深幹員',
    'role' => 'member',
    'sex' => 'unknown',
    'title' => '自闭挨打鲸鱼',
    'user_id' => 806911651,
  ),
  'sub_type' => 'normal',
  'time' => 1573016394,
  'user_id' => 806911651,
)_____________          【 info 】 stop   _____________
_____________【 info 】 start time:[1573016398]_____________
test
array (
  'anonymous' => NULL,
  'font' => 38658040,
  'group_id' => 941734321,
  'message' => '我想想怎么提权',
  'message_id' => 362,
  'message_type' => 'group',
  'post_type' => 'message',
  'raw_message' => '我想想怎么提权',
  'self_id' => 1136589922,
  'sender' => 
  array (
    'age' => 0,
    'area' => '',
    'card' => '李三生',
    'level' => '话唠',
    'nickname' => '‭‭blank',
    'role' => 'admin',
    'sex' => 'unknown',
    'title' => '行天道',
    'user_id' => 1136589038,
  ),
  'sub_type' => 'normal',
  'time' => 1573016398,
  'user_id' => 1136589038,
)_____________          【 info 】 stop   _____________
_____________【 info 】 start time:[1573016410]_____________
test
array (
  'anonymous' => NULL,
  'font' => 38359336,
  'group_id' => 941734321,
  'message' => '现在是和小冰一样',
  'message_id' => 363,
  'message_type' => 'group',
  'post_type' => 'message',
  'raw_message' => '现在是和小冰一样',
  'self_id' => 1136589922,
  'sender' => 
  array (
    'age' => 0,
    'area' => '',
    'card' => '李三生',
    'level' => '话唠',
    'nickname' => '‭‭blank',
    'role' => 'admin',
    'sex' => 'unknown',
    'title' => '行天道',
    'user_id' => 1136589038,
  ),
  'sub_type' => 'normal',
  'time' => 1573016409,
  'user_id' => 1136589038,
)_____________          【 info 】 stop   _____________
_____________【 info 】 start time:[1573016415]_____________
test
array (
  'anonymous' => NULL,
  'font' => 38062360,
  'group_id' => 941734321,
  'message' => '能不能让qq小冰跟他对骂啊',
  'message_id' => 364,
  'message_type' => 'group',
  'post_type' => 'message',
  'raw_message' => '能不能让qq小冰跟他对骂啊',
  'self_id' => 1136589922,
  'sender' => 
  array (
    'age' => 21,
    'area' => '',
    'card' => '你的心动女嘉宾',
    'level' => '活跃',
    'nickname' => '隔夜雪碧。',
    'role' => 'admin',
    'sex' => 'male',
    'title' => '自闭靓仔',
    'user_id' => 529768291,
  ),
  'sub_type' => 'normal',
  'time' => 1573016414,
  'user_id' => 529768291,
)_____________          【 info 】 stop   _____________
_____________【 info 】 start time:[1573016431]_____________
test
array (
  'anonymous' => NULL,
  'font' => 38359336,
  'group_id' => 941734321,
  'message' => '不过，等我用个算法就可以调教他了',
  'message_id' => 365,
  'message_type' => 'group',
  'post_type' => 'message',
  'raw_message' => '不过，等我用个算法就可以调教他了',
  'self_id' => 1136589922,
  'sender' => 
  array (
    'age' => 0,
    'area' => '',
    'card' => '李三生',
    'level' => '话唠',
    'nickname' => '‭‭blank',
    'role' => 'admin',
    'sex' => 'unknown',
    'title' => '行天道',
    'user_id' => 1136589038,
  ),
  'sub_type' => 'normal',
  'time' => 1573016431,
  'user_id' => 1136589038,
)_____________          【 info 】 stop   _____________
_____________【 info 】 start time:[1573016435]_____________
test
array (
  'anonymous' => NULL,
  'font' => 38062360,
  'group_id' => 941734321,
  'message' => '[CQ:image,file=F90598E5B602C9E76A7C48BED7C9C763.jpg,url=https://gchat.qpic.cn/gchatpic_new/1136589038/941734321-2647015083-F90598E5B602C9E76A7C48BED7C9C763/0?vuin=1136589922&amp;term=2]',
  'message_id' => 366,
  'message_type' => 'group',
  'post_type' => 'message',
  'raw_message' => '[CQ:image,file=F90598E5B602C9E76A7C48BED7C9C763.jpg]',
  'self_id' => 1136589922,
  'sender' => 
  array (
    'age' => 0,
    'area' => '',
    'card' => '李三生',
    'level' => '话唠',
    'nickname' => '‭‭blank',
    'role' => 'admin',
    'sex' => 'unknown',
    'title' => '行天道',
    'user_id' => 1136589038,
  ),
  'sub_type' => 'normal',
  'time' => 1573016435,
  'user_id' => 1136589038,
)_____________          【 info 】 stop   _____________
_____________【 info 】 start time:[1573016478]_____________
test
array (
  'anonymous' => NULL,
  'font' => 38358376,
  'group_id' => 941734321,
  'message' => '哈哈哈哈哈哈',
  'message_id' => 367,
  'message_type' => 'group',
  'post_type' => 'message',
  'raw_message' => '哈哈哈哈哈哈',
  'self_id' => 1136589922,
  'sender' => 
  array (
    'age' => 60,
    'area' => '',
    'card' => '一个安安',
    'level' => '冒泡',
    'nickname' => '不隔夜可乐。',
    'role' => 'member',
    'sex' => 'female',
    'title' => '',
    'user_id' => 894384244,
  ),
  'sub_type' => 'normal',
  'time' => 1573016477,
  'user_id' => 894384244,
)_____________          【 info 】 stop   _____________
_____________【 info 】 start time:[1573016480]_____________
test
array (
  'anonymous' => NULL,
  'font' => 38152424,
  'group_id' => 941734321,
  'message' => '对骂',
  'message_id' => 368,
  'message_type' => 'group',
  'post_type' => 'message',
  'raw_message' => '对骂',
  'self_id' => 1136589922,
  'sender' => 
  array (
    'age' => 60,
    'area' => '',
    'card' => '一个安安',
    'level' => '冒泡',
    'nickname' => '不隔夜可乐。',
    'role' => 'member',
    'sex' => 'female',
    'title' => '',
    'user_id' => 894384244,
  ),
  'sub_type' => 'normal',
  'time' => 1573016479,
  'user_id' => 894384244,
)_____________          【 info 】 stop   _____________
_____________【 info 】 start time:[1573016512]_____________
test
array (
  'anonymous' => NULL,
  'font' => 38358440,
  'group_id' => 941734321,
  'message' => '害，马上上课了，我先把数据保存到数据库',
  'message_id' => 369,
  'message_type' => 'group',
  'post_type' => 'message',
  'raw_message' => '害，马上上课了，我先把数据保存到数据库',
  'self_id' => 1136589922,
  'sender' => 
  array (
    'age' => 0,
    'area' => '',
    'card' => '李三生',
    'level' => '话唠',
    'nickname' => '‭‭blank',
    'role' => 'admin',
    'sex' => 'unknown',
    'title' => '行天道',
    'user_id' => 1136589038,
  ),
  'sub_type' => 'normal',
  'time' => 1573016511,
  'user_id' => 1136589038,
)_____________          【 info 】 stop   _____________
_____________【 info 】 start time:[1573016572]_____________
test
array (
  'anonymous' => NULL,
  'font' => 38061720,
  'group_id' => 941734321,
  'message' => '[CQ:image,file=BC1E5E3DBBBA2400D9E31DD55DA3E5AC.jpg,url=https://gchat.qpic.cn/gchatpic_new/806911651/941734321-2906335623-BC1E5E3DBBBA2400D9E31DD55DA3E5AC/0?vuin=1136589922&amp;term=2]',
  'message_id' => 370,
  'message_type' => 'group',
  'post_type' => 'message',
  'raw_message' => '[CQ:image,file=BC1E5E3DBBBA2400D9E31DD55DA3E5AC.jpg]',
  'self_id' => 1136589922,
  'sender' => 
  array (
    'age' => 0,
    'area' => '',
    'card' => '看到我请让我背单词',
    'level' => '吐槽',
    'nickname' => '高級資深幹員',
    'role' => 'member',
    'sex' => 'unknown',
    'title' => '自闭挨打鲸鱼',
    'user_id' => 806911651,
  ),
  'sub_type' => 'normal',
  'time' => 1573016571,
  'user_id' => 806911651,
)_____________          【 info 】 stop   _____________
_____________【 info 】 start time:[1573016579]_____________
test
array (
  'anonymous' => NULL,
  'font' => 38358664,
  'group_id' => 941734321,
  'message' => '对骂可太狠了，应该可以',
  'message_id' => 371,
  'message_type' => 'group',
  'post_type' => 'message',
  'raw_message' => '对骂可太狠了，应该可以',
  'self_id' => 1136589922,
  'sender' => 
  array (
    'age' => 0,
    'area' => '',
    'card' => '李三生',
    'level' => '话唠',
    'nickname' => '‭‭blank',
    'role' => 'admin',
    'sex' => 'unknown',
    'title' => '行天道',
    'user_id' => 1136589038,
  ),
  'sub_type' => 'normal',
  'time' => 1573016578,
  'user_id' => 1136589038,
)_____________          【 info 】 stop   _____________
_____________【 info 】 start time:[1573016592]_____________
test
array (
  'anonymous' => NULL,
  'font' => 38153000,
  'group_id' => 941734321,
  'message' => '等我慢慢写，害',
  'message_id' => 372,
  'message_type' => 'group',
  'post_type' => 'message',
  'raw_message' => '等我慢慢写，害',
  'self_id' => 1136589922,
  'sender' => 
  array (
    'age' => 0,
    'area' => '',
    'card' => '李三生',
    'level' => '话唠',
    'nickname' => '‭‭blank',
    'role' => 'admin',
    'sex' => 'unknown',
    'title' => '行天道',
    'user_id' => 1136589038,
  ),
  'sub_type' => 'normal',
  'time' => 1573016591,
  'user_id' => 1136589038,
)_____________          【 info 】 stop   _____________
_____________【 info 】 start time:[1573016601]_____________
test
array (
  'anonymous' => NULL,
  'font' => 38358664,
  'group_id' => 941734321,
  'message' => '今天晚上就不吃鸡了',
  'message_id' => 373,
  'message_type' => 'group',
  'post_type' => 'message',
  'raw_message' => '今天晚上就不吃鸡了',
  'self_id' => 1136589922,
  'sender' => 
  array (
    'age' => 0,
    'area' => '',
    'card' => '李三生',
    'level' => '话唠',
    'nickname' => '‭‭blank',
    'role' => 'admin',
    'sex' => 'unknown',
    'title' => '行天道',
    'user_id' => 1136589038,
  ),
  'sub_type' => 'normal',
  'time' => 1573016601,
  'user_id' => 1136589038,
)_____________          【 info 】 stop   _____________
_____________【 info 】 start time:[1573016662]_____________
test
array (
  'anonymous' => NULL,
  'font' => 38062040,
  'group_id' => 941734321,
  'message' => '噫',
  'message_id' => 374,
  'message_type' => 'group',
  'post_type' => 'message',
  'raw_message' => '噫',
  'self_id' => 1136589922,
  'sender' => 
  array (
    'age' => 0,
    'area' => '',
    'card' => '看到我请让我背单词',
    'level' => '吐槽',
    'nickname' => '高級資深幹員',
    'role' => 'member',
    'sex' => 'unknown',
    'title' => '自闭挨打鲸鱼',
    'user_id' => 806911651,
  ),
  'sub_type' => 'normal',
  'time' => 1573016661,
  'user_id' => 806911651,
)_____________          【 info 】 stop   _____________
_____________【 info 】 start time:[1573016674]_____________
test
array (
  'anonymous' => NULL,
  'font' => 38151816,
  'group_id' => 941734321,
  'message' => '那你干嘛呀',
  'message_id' => 375,
  'message_type' => 'group',
  'post_type' => 'message',
  'raw_message' => '那你干嘛呀',
  'self_id' => 1136589922,
  'sender' => 
  array (
    'age' => 0,
    'area' => '',
    'card' => '看到我请让我背单词',
    'level' => '吐槽',
    'nickname' => '高級資深幹員',
    'role' => 'member',
    'sex' => 'unknown',
    'title' => '自闭挨打鲸鱼',
    'user_id' => 806911651,
  ),
  'sub_type' => 'normal',
  'time' => 1573016673,
  'user_id' => 806911651,
)_____________          【 info 】 stop   _____________
_____________【 info 】 start time:[1573016680]_____________
test
array (
  'anonymous' => NULL,
  'font' => 38358088,
  'group_id' => 941734321,
  'message' => '整机器人啊',
  'message_id' => 376,
  'message_type' => 'group',
  'post_type' => 'message',
  'raw_message' => '整机器人啊',
  'self_id' => 1136589922,
  'sender' => 
  array (
    'age' => 0,
    'area' => '',
    'card' => '李三生',
    'level' => '话唠',
    'nickname' => '‭‭blank',
    'role' => 'admin',
    'sex' => 'unknown',
    'title' => '行天道',
    'user_id' => 1136589038,
  ),
  'sub_type' => 'normal',
  'time' => 1573016679,
  'user_id' => 1136589038,
)_____________          【 info 】 stop   _____________
_____________【 info 】 start time:[1573016683]_____________
test
array (
  'anonymous' => NULL,
  'font' => 38153224,
  'group_id' => 941734321,
  'message' => '[CQ:image,file=EAAC69EFF72873B98BC2ABD36BC1F2E9.jpg,url=https://gchat.qpic.cn/gchatpic_new/1136589038/941734321-2369284303-EAAC69EFF72873B98BC2ABD36BC1F2E9/0?vuin=1136589922&amp;term=2]',
  'message_id' => 377,
  'message_type' => 'group',
  'post_type' => 'message',
  'raw_message' => '[CQ:image,file=EAAC69EFF72873B98BC2ABD36BC1F2E9.jpg]',
  'self_id' => 1136589922,
  'sender' => 
  array (
    'age' => 0,
    'area' => '',
    'card' => '李三生',
    'level' => '话唠',
    'nickname' => '‭‭blank',
    'role' => 'admin',
    'sex' => 'unknown',
    'title' => '行天道',
    'user_id' => 1136589038,
  ),
  'sub_type' => 'normal',
  'time' => 1573016682,
  'user_id' => 1136589038,
)_____________          【 info 】 stop   _____________
_____________【 info 】 start time:[1573016815]_____________
test
array (
  'anonymous' => NULL,
  'font' => 38358376,
  'group_id' => 941734321,
  'message' => '[CQ:at,qq=1136589922] 你是猪',
  'message_id' => 378,
  'message_type' => 'group',
  'post_type' => 'message',
  'raw_message' => '[CQ:at,qq=1136589922] 你是猪',
  'self_id' => 1136589922,
  'sender' => 
  array (
    'age' => 0,
    'area' => '',
    'card' => '李三生',
    'level' => '话唠',
    'nickname' => '‭‭blank',
    'role' => 'admin',
    'sex' => 'unknown',
    'title' => '行天道',
    'user_id' => 1136589038,
  ),
  'sub_type' => 'normal',
  'time' => 1573016814,
  'user_id' => 1136589038,
)_____________          【 info 】 stop   _____________
_____________【 info 】 start time:[1573016829]_____________
test
array (
  'anonymous' => NULL,
  'font' => 38358696,
  'group_id' => 941734321,
  'message' => '就会这一句，害',
  'message_id' => 380,
  'message_type' => 'group',
  'post_type' => 'message',
  'raw_message' => '就会这一句，害',
  'self_id' => 1136589922,
  'sender' => 
  array (
    'age' => 0,
    'area' => '',
    'card' => '李三生',
    'level' => '话唠',
    'nickname' => '‭‭blank',
    'role' => 'admin',
    'sex' => 'unknown',
    'title' => '行天道',
    'user_id' => 1136589038,
  ),
  'sub_type' => 'normal',
  'time' => 1573016828,
  'user_id' => 1136589038,
)_____________          【 info 】 stop   _____________
_____________【 info 】 start time:[1573016845]_____________
test
array (
  'anonymous' => NULL,
  'font' => 38061816,
  'group_id' => 941734321,
  'message' => '[CQ:image,file=F6711B7B9EF3B8D1A053F13CDE309827.jpg,url=https://gchat.qpic.cn/gchatpic_new/806911651/941734321-2255220407-F6711B7B9EF3B8D1A053F13CDE309827/0?vuin=1136589922&amp;term=2]',
  'message_id' => 381,
  'message_type' => 'group',
  'post_type' => 'message',
  'raw_message' => '[CQ:image,file=F6711B7B9EF3B8D1A053F13CDE309827.jpg]',
  'self_id' => 1136589922,
  'sender' => 
  array (
    'age' => 0,
    'area' => '',
    'card' => '看到我请让我背单词',
    'level' => '吐槽',
    'nickname' => '高級資深幹員',
    'role' => 'member',
    'sex' => 'unknown',
    'title' => '自闭挨打鲸鱼',
    'user_id' => 806911651,
  ),
  'sub_type' => 'normal',
  'time' => 1573016844,
  'user_id' => 806911651,
)_____________          【 info 】 stop   _____________
_____________【 info 】 start time:[1573016892]_____________
test
array (
  'anonymous' => NULL,
  'font' => 38358696,
  'group_id' => 941734321,
  'message' => '[CQ:image,file=3ABE51063CCE0C20A638F3C7D0CC581F.jpg,url=https://gchat.qpic.cn/gchatpic_new/1136589038/941734321-2151742028-3ABE51063CCE0C20A638F3C7D0CC581F/0?vuin=1136589922&amp;term=2]',
  'message_id' => 382,
  'message_type' => 'group',
  'post_type' => 'message',
  'raw_message' => '[CQ:image,file=3ABE51063CCE0C20A638F3C7D0CC581F.jpg]',
  'self_id' => 1136589922,
  'sender' => 
  array (
    'age' => 0,
    'area' => '',
    'card' => '李三生',
    'level' => '话唠',
    'nickname' => '‭‭blank',
    'role' => 'admin',
    'sex' => 'unknown',
    'title' => '行天道',
    'user_id' => 1136589038,
  ),
  'sub_type' => 'normal',
  'time' => 1573016891,
  'user_id' => 1136589038,
)_____________          【 info 】 stop   _____________
_____________【 info 】 start time:[1573016945]_____________
test
array (
  'anonymous' => NULL,
  'font' => 38061816,
  'group_id' => 298818545,
  'message' => '[CQ:rich,content={"news":{"action":"web"&#44;"android_pkg_name":""&#44;"app_type":0&#44;"appid":101793367&#44;"desc":"漏洞描述CVE-2019-11043 是一个远程代码执行漏洞，使用某些特定配置的 Nginx + PHP-FPM 的服务器存在漏"&#44;"jumpUrl":"http://www.ots-sec.cn/ots911/vip_doc/15426163.html"&#44;"preview":"http://url.cn/5ngp84k"&#44;"source_icon":""&#44;"source_url":""&#44;"tag":"网页分享"&#44;"title":"PHP远程代码执行漏洞复现（CVE-2019-11043）【反弹"}},title=&#91;分享&#93;PHP远程代码执行漏洞复现（CVE-2019-11043]',
  'message_id' => 383,
  'message_type' => 'group',
  'post_type' => 'message',
  'raw_message' => '[CQ:rich,title=&#91;分享&#93;PHP远程代码执行漏洞复现（CVE-2019-11043,content={"news":{"action":"web"&#44;"android_pkg_name":""&#44;"app_type":0&#44;"appid":101793367&#44;"desc":"漏洞描述CVE-2019-11043 是一个远程代码执行漏洞，使用某些特定配置的 Nginx + PHP-FPM 的服务器存在漏"&#44;"jumpUrl":"http://www.ots-sec.cn/ots911/vip_doc/15426163.html"&#44;"preview":"http://url.cn/5ngp84k"&#44;"source_icon":""&#44;"source_url":""&#44;"tag":"网页分享"&#44;"title":"PHP远程代码执行漏洞复现（CVE-2019-11043）【反弹"}}]',
  'self_id' => 1136589922,
  'sender' => 
  array (
    'age' => 21,
    'area' => '',
    'card' => '',
    'level' => '话唠',
    'nickname' => '707-资讯推送',
    'role' => 'member',
    'sex' => 'male',
    'title' => '',
    'user_id' => 1481840992,
  ),
  'sub_type' => 'normal',
  'time' => 1573016944,
  'user_id' => 1481840992,
)_____________          【 info 】 stop   _____________
_____________【 info 】 start time:[1573017025]_____________
test
array (
  'anonymous' => NULL,
  'font' => 38358504,
  'group_id' => 473841705,
  'message' => '[CQ:at,qq=3003632685] 叫欧尼酱',
  'message_id' => 384,
  'message_type' => 'group',
  'post_type' => 'message',
  'raw_message' => '[CQ:at,qq=3003632685] 叫欧尼酱',
  'self_id' => 1136589922,
  'sender' => 
  array (
    'age' => 19,
    'area' => '日本',
    'card' => '朱鹭咲澪',
    'level' => '四方之志',
    'nickname' => '狐',
    'role' => 'member',
    'sex' => 'unknown',
    'title' => '',
    'user_id' => 3068221627,
  ),
  'sub_type' => 'normal',
  'time' => 1573017024,
  'user_id' => 3068221627,
)_____________          【 info 】 stop   _____________
_____________【 info 】 start time:[1573017027]_____________
test
array (
  'anonymous' => NULL,
  'font' => 38153480,
  'group_id' => 473841705,
  'message' => '[CQ:at,qq=3068221627] 啧，hentai',
  'message_id' => 385,
  'message_type' => 'group',
  'post_type' => 'message',
  'raw_message' => '[CQ:at,qq=3068221627] 啧，hentai',
  'self_id' => 1136589922,
  'sender' => 
  array (
    'age' => 0,
    'area' => '上海',
    'card' => '',
    'level' => '四方之志',
    'nickname' => '朱鹭咲浅羽',
    'role' => 'member',
    'sex' => 'unknown',
    'title' => '',
    'user_id' => 3003632685,
  ),
  'sub_type' => 'normal',
  'time' => 1573017026,
  'user_id' => 3003632685,
)_____________          【 info 】 stop   _____________
_____________【 info 】 start time:[1573017067]_____________
test
array (
  'anonymous' => NULL,
  'font' => 38062520,
  'group_id' => 473841705,
  'message' => '[CQ:at,qq=3003632685] ',
  'message_id' => 386,
  'message_type' => 'group',
  'post_type' => 'message',
  'raw_message' => '[CQ:at,qq=3003632685] ',
  'self_id' => 1136589922,
  'sender' => 
  array (
    'age' => 16,
    'area' => '陕西',
    'card' => '德丽莎·观星',
    'level' => '四方之志',
    'nickname' => '德利莎·阿波卡利斯',
    'role' => 'member',
    'sex' => 'female',
    'title' => '鲜奶',
    'user_id' => 2870669093,
  ),
  'sub_type' => 'normal',
  'time' => 1573017066,
  'user_id' => 2870669093,
)_____________          【 info 】 stop   _____________
_____________【 info 】 start time:[1573017067]_____________
test
array (
  'anonymous' => NULL,
  'font' => 38153224,
  'group_id' => 473841705,
  'message' => '[CQ:at,qq=2870669093] 怎么了？',
  'message_id' => 387,
  'message_type' => 'group',
  'post_type' => 'message',
  'raw_message' => '[CQ:at,qq=2870669093] 怎么了？',
  'self_id' => 1136589922,
  'sender' => 
  array (
    'age' => 0,
    'area' => '上海',
    'card' => '',
    'level' => '四方之志',
    'nickname' => '朱鹭咲浅羽',
    'role' => 'member',
    'sex' => 'unknown',
    'title' => '',
    'user_id' => 3003632685,
  ),
  'sub_type' => 'normal',
  'time' => 1573017067,
  'user_id' => 3003632685,
)_____________          【 info 】 stop   _____________
_____________【 info 】 start time:[1573017081]_____________
test
array (
  'anonymous' => NULL,
  'font' => 38358408,
  'group_id' => 473841705,
  'message' => '[CQ:at,qq=3003632685] 那个',
  'message_id' => 388,
  'message_type' => 'group',
  'post_type' => 'message',
  'raw_message' => '[CQ:at,qq=3003632685] 那个',
  'self_id' => 1136589922,
  'sender' => 
  array (
    'age' => 16,
    'area' => '陕西',
    'card' => '德丽莎·观星',
    'level' => '四方之志',
    'nickname' => '德利莎·阿波卡利斯',
    'role' => 'member',
    'sex' => 'female',
    'title' => '鲜奶',
    'user_id' => 2870669093,
  ),
  'sub_type' => 'normal',
  'time' => 1573017080,
  'user_id' => 2870669093,
)_____________          【 info 】 stop   _____________
_____________【 info 】 start time:[1573017084]_____________
test
array (
  'anonymous' => NULL,
  'font' => 38152584,
  'group_id' => 473841705,
  'message' => '[CQ:at,qq=2870669093] 你想要对本小姐说什么啊baka~本小姐可不想等你哦？（脸红）当然一会的话也不是不行..（小声）。',
  'message_id' => 389,
  'message_type' => 'group',
  'post_type' => 'message',
  'raw_message' => '[CQ:at,qq=2870669093] 你想要对本小姐说什么啊baka~本小姐可不想等你哦？（脸红）当然一会的话也不是不行..（小声）。',
  'self_id' => 1136589922,
  'sender' => 
  array (
    'age' => 0,
    'area' => '上海',
    'card' => '',
    'level' => '四方之志',
    'nickname' => '朱鹭咲浅羽',
    'role' => 'member',
    'sex' => 'unknown',
    'title' => '',
    'user_id' => 3003632685,
  ),
  'sub_type' => 'normal',
  'time' => 1573017083,
  'user_id' => 3003632685,
)_____________          【 info 】 stop   _____________
_____________【 info 】 start time:[1573017122]_____________
test
array (
  'anonymous' => NULL,
  'font' => 38152040,
  'group_id' => 473841705,
  'message' => '[CQ:at,qq=3003632685] 签到',
  'message_id' => 390,
  'message_type' => 'group',
  'post_type' => 'message',
  'raw_message' => '[CQ:at,qq=3003632685] 签到',
  'self_id' => 1136589922,
  'sender' => 
  array (
    'age' => 16,
    'area' => '陕西',
    'card' => '德丽莎·观星',
    'level' => '四方之志',
    'nickname' => '德利莎·阿波卡利斯',
    'role' => 'member',
    'sex' => 'female',
    'title' => '鲜奶',
    'user_id' => 2870669093,
  ),
  'sub_type' => 'normal',
  'time' => 1573017121,
  'user_id' => 2870669093,
)_____________          【 info 】 stop   _____________
_____________【 info 】 start time:[1573017123]_____________
test
array (
  'anonymous' => NULL,
  'font' => 38358792,
  'group_id' => 473841705,
  'message' => '[CQ:at,qq=2870669093] 好啦好啦，给德丽莎大人签上到了(本月签到5天)(+14茶点心券)',
  'message_id' => 391,
  'message_type' => 'group',
  'post_type' => 'message',
  'raw_message' => '[CQ:at,qq=2870669093] 好啦好啦，给德丽莎大人签上到了(本月签到5天)(+14茶点心券)',
  'self_id' => 1136589922,
  'sender' => 
  array (
    'age' => 0,
    'area' => '上海',
    'card' => '',
    'level' => '四方之志',
    'nickname' => '朱鹭咲浅羽',
    'role' => 'member',
    'sex' => 'unknown',
    'title' => '',
    'user_id' => 3003632685,
  ),
  'sub_type' => 'normal',
  'time' => 1573017122,
  'user_id' => 3003632685,
)_____________          【 info 】 stop   _____________
